<?xml version="1.0" encoding="UTF-8"?>
<!-- Generated by org.testng.reporters.JUnitReportReporter -->
<testsuite hostname="Lenovo" failures="0" tests="7" name="testCases.FitPeoAssignement" time="115.227" errors="0" timestamp="2024-11-24T12:16:19 IST" skipped="0">
  <testcase classname="testCases.FitPeoAssignement" name="testNavigateRevenueCalculatorPage" time="2.535"/>
  <testcase classname="testCases.FitPeoAssignement" name="testScrollDownToSlider" time="0.084"/>
  <testcase classname="testCases.FitPeoAssignement" name="testAdjustSlider" time="109.016"/>
  <testcase classname="testCases.FitPeoAssignement" name="testUpdateTextField" time="0.856"/>
  <testcase classname="testCases.FitPeoAssignement" name="testSelectCPTCodes" time="2.549"/>
  <testcase classname="testCases.FitPeoAssignement" name="testTotalRecurringReimbursement" time="0.107"/>
  <testcase classname="testCases.FitPeoAssignement" name="testHeaderDisplayReimbursement" time="0.080"/>
</testsuite> <!-- testCases.FitPeoAssignement -->
